Grade for assignment [CraneJonathan]: 10/10
Pulled files on Fri Nov  1 10:02:54 EDT 2019
Latest commit of student files ....
Latest commit of src/main/java/edu/yu/intro/Factorial.java was on: Thu Oct 31 18:08:53 2019
Building Student CraneJonathan assignment code base (including running their TEST code) from directory /Users/avraham/YUGitRepos/1300/CraneJonathan/IntroToCompSci/assignments/JUnit4Factorial
Picked up JAVA_TOOL_OPTIONS: -Xms4096m -Xmx15G -XX:MaxMetaspaceSize=1G

-------------------------------------------------------
 T E S T S
-------------------------------------------------------
Picked up JAVA_TOOL_OPTIONS: -Xms4096m -Xmx15G -XX:MaxMetaspaceSize=1G
Running edu.yu.intro.test.FactorialTest
Tests run: 7, Failures: 0, Errors: 0, Skipped: 0, Time elapsed: 0.029 sec

Results :

Tests run: 7, Failures: 0, Errors: 0, Skipped: 0

executing Student CraneJonathan main()


Picked up JAVA_TOOL_OPTIONS: -Xms4096m -Xmx15G -XX:MaxMetaspaceSize=1G
********************
factorial (0) =1
factorial (1) =1
factorial (2) =2
factorial (3) =6
factorial (4) =24
factorial (5) =120
factorial (6) =720
factorial (7) =5040
factorial (8) =40320
factorial (9) =362880
factorial (10) =3628800
factorial (11) =39916800
factorial (12) =479001600
factorial (13) =6227020800
factorial (14) =87178291200
factorial (15) =1307674368000
factorial (16) =20922789888000
factorial (17) =355687428096000
factorial (18) =6402373705728000
factorial (19) =121645100408832000
factorial (20) =2432902008176640000
********************
Copying Professor's JUnit source files in /Users/avraham/teaching/IntroToCompSci/assignments/JUnit4Factorial/src/test to Student CraneJonathan directory tree in /Users/avraham/YUGitRepos/1300/CraneJonathan/IntroToCompSci/assignments/JUnit4Factorial/src
executing Professor's test code against Student CraneJonathan code
Picked up JAVA_TOOL_OPTIONS: -Xms4096m -Xmx15G -XX:MaxMetaspaceSize=1G

-------------------------------------------------------
 T E S T S
-------------------------------------------------------
Picked up JAVA_TOOL_OPTIONS: -Xms4096m -Xmx15G -XX:MaxMetaspaceSize=1G
Running edu.yu.intro.test.ProfessorFactorialTest
Tests run: 5, Failures: 0, Errors: 0, Skipped: 0, Time elapsed: 0.025 sec
Running edu.yu.intro.test.FactorialTest
Tests run: 7, Failures: 0, Errors: 0, Skipped: 0, Time elapsed: 0 sec

Results :

Tests run: 12, Failures: 0, Errors: 0, Skipped: 0

Student's STUDENT_TEST_CLASS exists, continuing
Copying Professor's BUGGY implementation source files in /Users/avraham/teaching/IntroToCompSci/assignments/JUnit4Factorial/src/main to Student CraneJonathan directory tree in /Users/avraham/YUGitRepos/1300/CraneJonathan/IntroToCompSci/assignments/JUnit4Factorial/src
executing Student's test code against Professor's BUGGY CraneJonathan code
Picked up JAVA_TOOL_OPTIONS: -Xms4096m -Xmx15G -XX:MaxMetaspaceSize=1G

-------------------------------------------------------
 T E S T S
-------------------------------------------------------
Picked up JAVA_TOOL_OPTIONS: -Xms4096m -Xmx15G -XX:MaxMetaspaceSize=1G
Running edu.yu.intro.test.ProfessorFactorialTest
Tests run: 5, Failures: 0, Errors: 0, Skipped: 0, Time elapsed: 0.253 sec
Running edu.yu.intro.test.FactorialTest
Tests run: 7, Failures: 2, Errors: 0, Skipped: 0, Time elapsed: 0.002 sec <<< FAILURE!
testFactorialTable(edu.yu.intro.test.FactorialTest)  Time elapsed: 0.001 sec  <<< FAILURE!
arrays first differed at element [12]; expected:<479001600> but was:<-1>
	at org.junit.internal.ComparisonCriteria.arrayEquals(ComparisonCriteria.java:55)
	at org.junit.Assert.internalArrayEquals(Assert.java:532)
	at org.junit.Assert.assertArrayEquals(Assert.java:441)
	at org.junit.Assert.assertArrayEquals(Assert.java:452)
	at edu.yu.intro.test.FactorialTest.testFactorialTable(FactorialTest.java:42)
	at sun.reflect.NativeMethodAccessorImpl.invoke0(Native Method)
	at sun.reflect.NativeMethodAccessorImpl.invoke(NativeMethodAccessorImpl.java:62)
	at sun.reflect.DelegatingMethodAccessorImpl.invoke(DelegatingMethodAccessorImpl.java:43)
	at java.lang.reflect.Method.invoke(Method.java:498)
	at org.junit.runners.model.FrameworkMethod$1.runReflectiveCall(FrameworkMethod.java:50)
	at org.junit.internal.runners.model.ReflectiveCallable.run(ReflectiveCallable.java:12)
	at org.junit.runners.model.FrameworkMethod.invokeExplosively(FrameworkMethod.java:47)
	at org.junit.internal.runners.statements.InvokeMethod.evaluate(InvokeMethod.java:17)
	at org.junit.runners.ParentRunner.runLeaf(ParentRunner.java:325)
	at org.junit.runners.BlockJUnit4ClassRunner.runChild(BlockJUnit4ClassRunner.java:78)
	at org.junit.runners.BlockJUnit4ClassRunner.runChild(BlockJUnit4ClassRunner.java:57)
	at org.junit.runners.ParentRunner$3.run(ParentRunner.java:290)
	at org.junit.runners.ParentRunner$1.schedule(ParentRunner.java:71)
	at org.junit.runners.ParentRunner.runChildren(ParentRunner.java:288)
	at org.junit.runners.ParentRunner.access$000(ParentRunner.java:58)
	at org.junit.runners.ParentRunner$2.evaluate(ParentRunner.java:268)
	at org.junit.runners.ParentRunner.run(ParentRunner.java:363)
	at org.apache.maven.surefire.junit4.JUnit4Provider.execute(JUnit4Provider.java:252)
	at org.apache.maven.surefire.junit4.JUnit4Provider.executeTestSet(JUnit4Provider.java:141)
	at org.apache.maven.surefire.junit4.JUnit4Provider.invoke(JUnit4Provider.java:112)
	at sun.reflect.NativeMethodAccessorImpl.invoke0(Native Method)
	at sun.reflect.NativeMethodAccessorImpl.invoke(NativeMethodAccessorImpl.java:62)
	at sun.reflect.DelegatingMethodAccessorImpl.invoke(DelegatingMethodAccessorImpl.java:43)
	at java.lang.reflect.Method.invoke(Method.java:498)
	at org.apache.maven.surefire.util.ReflectionUtils.invokeMethodWithArray(ReflectionUtils.java:189)
	at org.apache.maven.surefire.booter.ProviderFactory$ProviderProxy.invoke(ProviderFactory.java:165)
	at org.apache.maven.surefire.booter.ProviderFactory.invokeProvider(ProviderFactory.java:85)
	at org.apache.maven.surefire.booter.ForkedBooter.runSuitesInProcess(ForkedBooter.java:115)
	at org.apache.maven.surefire.booter.ForkedBooter.main(ForkedBooter.java:75)
Caused by: java.lang.AssertionError: expected:<479001600> but was:<-1>
	at org.junit.Assert.fail(Assert.java:88)
	at org.junit.Assert.failNotEquals(Assert.java:834)
	at org.junit.Assert.assertEquals(Assert.java:118)
	at org.junit.Assert.assertEquals(Assert.java:144)
	at org.junit.internal.ExactComparisonCriteria.assertElementsEqual(ExactComparisonCriteria.java:8)
	at org.junit.internal.ComparisonCriteria.arrayEquals(ComparisonCriteria.java:53)
	... 33 more

factorial20(edu.yu.intro.test.FactorialTest)  Time elapsed: 0 sec  <<< FAILURE!
java.lang.AssertionError: testing factorial 20 expected:<2432902008176640000> but was:<-5079110400>
	at org.junit.Assert.fail(Assert.java:88)
	at org.junit.Assert.failNotEquals(Assert.java:834)
	at org.junit.Assert.assertEquals(Assert.java:645)
	at edu.yu.intro.test.FactorialTest.factorial20(FactorialTest.java:25)
	at sun.reflect.NativeMethodAccessorImpl.invoke0(Native Method)
	at sun.reflect.NativeMethodAccessorImpl.invoke(NativeMethodAccessorImpl.java:62)
	at sun.reflect.DelegatingMethodAccessorImpl.invoke(DelegatingMethodAccessorImpl.java:43)
	at java.lang.reflect.Method.invoke(Method.java:498)
	at org.junit.runners.model.FrameworkMethod$1.runReflectiveCall(FrameworkMethod.java:50)
	at org.junit.internal.runners.model.ReflectiveCallable.run(ReflectiveCallable.java:12)
	at org.junit.runners.model.FrameworkMethod.invokeExplosively(FrameworkMethod.java:47)
	at org.junit.internal.runners.statements.InvokeMethod.evaluate(InvokeMethod.java:17)
	at org.junit.runners.ParentRunner.runLeaf(ParentRunner.java:325)
	at org.junit.runners.BlockJUnit4ClassRunner.runChild(BlockJUnit4ClassRunner.java:78)
	at org.junit.runners.BlockJUnit4ClassRunner.runChild(BlockJUnit4ClassRunner.java:57)
	at org.junit.runners.ParentRunner$3.run(ParentRunner.java:290)
	at org.junit.runners.ParentRunner$1.schedule(ParentRunner.java:71)
	at org.junit.runners.ParentRunner.runChildren(ParentRunner.java:288)
	at org.junit.runners.ParentRunner.access$000(ParentRunner.java:58)
	at org.junit.runners.ParentRunner$2.evaluate(ParentRunner.java:268)
	at org.junit.runners.ParentRunner.run(ParentRunner.java:363)
	at org.apache.maven.surefire.junit4.JUnit4Provider.execute(JUnit4Provider.java:252)
	at org.apache.maven.surefire.junit4.JUnit4Provider.executeTestSet(JUnit4Provider.java:141)
	at org.apache.maven.surefire.junit4.JUnit4Provider.invoke(JUnit4Provider.java:112)
	at sun.reflect.NativeMethodAccessorImpl.invoke0(Native Method)
	at sun.reflect.NativeMethodAccessorImpl.invoke(NativeMethodAccessorImpl.java:62)
	at sun.reflect.DelegatingMethodAccessorImpl.invoke(DelegatingMethodAccessorImpl.java:43)
	at java.lang.reflect.Method.invoke(Method.java:498)
	at org.apache.maven.surefire.util.ReflectionUtils.invokeMethodWithArray(ReflectionUtils.java:189)
	at org.apache.maven.surefire.booter.ProviderFactory$ProviderProxy.invoke(ProviderFactory.java:165)
	at org.apache.maven.surefire.booter.ProviderFactory.invokeProvider(ProviderFactory.java:85)
	at org.apache.maven.surefire.booter.ForkedBooter.runSuitesInProcess(ForkedBooter.java:115)
	at org.apache.maven.surefire.booter.ForkedBooter.main(ForkedBooter.java:75)


Results :

Failed tests:   testFactorialTable(edu.yu.intro.test.FactorialTest): arrays first differed at element [12]; expected:<479001600> but was:<-1>
  factorial20(edu.yu.intro.test.FactorialTest): testing factorial 20 expected:<2432902008176640000> but was:<-5079110400>

Tests run: 12, Failures: 2, Errors: 0, Skipped: 0

[ERROR] Failed to execute goal org.apache.maven.plugins:maven-surefire-plugin:2.12.4:test (default-test) on project JUnit4Factorial: There are test failures.
[ERROR] 
[ERROR] Please refer to /Users/avraham/YUGitRepos/1300/CraneJonathan/IntroToCompSci/assignments/JUnit4Factorial/target/surefire-reports for the individual test results.
[ERROR] -> [Help 1]
[ERROR] 
[ERROR] To see the full stack trace of the errors, re-run Maven with the -e switch.
[ERROR] Re-run Maven using the -X switch to enable full debug logging.
[ERROR] 
[ERROR] For more information about the errors and possible solutions, please read the following articles:
[ERROR] [Help 1] http://cwiki.apache.org/confluence/display/MAVEN/MojoFailureException
